app/build/intermediates/manifest_merge_blame_file/debug/manifest-merger-blame-debug-report.txt
1<?xml version="1.0" encoding="utf-8"?>
2<manifest xmlns:android="http://schemas.android.com/apk/res/android"
3    package="com.uas.bengkel"
4    android:versionCode="1"
5    android:versionName="1.0" >
6
7    <uses-sdk
8        android:minSdkVersion="21"
8-->src\main\AndroidManifest.xml
9        android:targetSdkVersion="29" />
9-->src\main\AndroidManifest.xml
10
11    <application
11-->src\main\AndroidManifest.xml:5:5-27:19
12        android:allowBackup="true"
12-->src\main\AndroidManifest.xml:6:9-35
13        android:appComponentFactory="androidx.core.app.CoreComponentFactory"
13-->[androidx.core:core:1.1.0] AndroidManifest.xml:24:18-86
14        android:debuggable="true"
15        android:icon="@mipmap/ic_launcher"
15-->src\main\AndroidManifest.xml:7:9-43
16        android:label="@string/app_name"
16-->src\main\AndroidManifest.xml:8:9-41
17        android:roundIcon="@mipmap/ic_launcher_round"
17-->src\main\AndroidManifest.xml:9:9-54
18        android:supportsRtl="true"
18-->src\main\AndroidManifest.xml:10:9-35
19        android:testOnly="true"
20        android:theme="@style/AppTheme" >
20-->src\main\AndroidManifest.xml:11:9-40
21        <activity android:name="com.uas.bengkel.activity.LoginActivity" >
21-->src\main\AndroidManifest.xml:13:9-19:20
21-->src\main\AndroidManifest.xml:13:19-72
22            <intent-filter>
22-->src\main\AndroidManifest.xml:14:13-18:29
23                <action android:name="android.intent.action.MAIN" />
23-->src\main\AndroidManifest.xml:15:17-69
23-->src\main\AndroidManifest.xml:15:25-66
24
25                <category android:name="android.intent.category.LAUNCHER" />
25-->src\main\AndroidManifest.xml:17:17-77
25-->src\main\AndroidManifest.xml:17:27-74
26            </intent-filter>
27        </activity>
28        <activity android:name="com.uas.bengkel.activity.DaftarMobilActivity" />
28-->src\main\AndroidManifest.xml:20:9-81
28-->src\main\AndroidManifest.xml:20:19-78
29        <activity android:name="com.uas.bengkel.activity.PenyewaActivity" />
29-->src\main\AndroidManifest.xml:21:9-77
29-->src\main\AndroidManifest.xml:21:19-74
30        <activity android:name="com.uas.bengkel.activity.SewaMobilActivity" />
30-->src\main\AndroidManifest.xml:22:9-79
30-->src\main\AndroidManifest.xml:22:19-76
31        <activity android:name="com.uas.bengkel.activity.DetailMobilActivity" />
31-->src\main\AndroidManifest.xml:23:9-81
31-->src\main\AndroidManifest.xml:23:19-78
32        <activity android:name="com.uas.bengkel.activity.DetailPenyewaActivity" />
32-->src\main\AndroidManifest.xml:24:9-83
32-->src\main\AndroidManifest.xml:24:19-80
33        <activity android:name="com.uas.bengkel.activity.RegisterActivity" />
33-->src\main\AndroidManifest.xml:25:9-77
33-->src\main\AndroidManifest.xml:25:19-75
34        <activity android:name="com.uas.bengkel.activity.MainActivity" />
34-->src\main\AndroidManifest.xml:26:9-73
34-->src\main\AndroidManifest.xml:26:19-71
35    </application>
36
37</manifest>